<?xml version="1.0" encoding="UTF-8"?>
<testng-results ignored="0" total="3" passed="3" failed="0" skipped="0">
  <reporter-output>
  </reporter-output>
  <suite started-at="2024-10-25T10:29:05 IST" name="Suite" finished-at="2024-10-25T10:29:16 IST" duration-ms="11517">
    <groups>
    </groups>
    <test started-at="2024-10-25T10:29:05 IST" name="EdgeTest" finished-at="2024-10-25T10:29:14 IST" duration-ms="9600">
      <class name="org.sam.Browser">
        <test-method signature="tc1(java.lang.String)[pri:0, instance:org.sam.Browser@6adbc9d]" started-at="2024-10-25T10:29:05 IST" name="tc1" finished-at="2024-10-25T10:29:14 IST" duration-ms="9539" status="PASS">
          <params>
            <param index="0">
              <value>
                <![CDATA[edgebrowser]]>
              </value>
            </param>
          </params>
          <reporter-output>
          </reporter-output>
        </test-method> <!-- tc1 -->
      </class> <!-- org.sam.Browser -->
    </test> <!-- EdgeTest -->
    <test started-at="2024-10-25T10:29:05 IST" name="ChromeTest" finished-at="2024-10-25T10:29:14 IST" duration-ms="9779">
      <class name="org.sam.Browser">
        <test-method signature="tc1(java.lang.String)[pri:0, instance:org.sam.Browser@6e171cd7]" started-at="2024-10-25T10:29:05 IST" name="tc1" finished-at="2024-10-25T10:29:14 IST" duration-ms="9730" status="PASS">
          <params>
            <param index="0">
              <value>
                <![CDATA[chromebrowser]]>
              </value>
            </param>
          </params>
          <reporter-output>
          </reporter-output>
        </test-method> <!-- tc1 -->
      </class> <!-- org.sam.Browser -->
    </test> <!-- ChromeTest -->
    <test started-at="2024-10-25T10:29:05 IST" name="FirefoxTest" finished-at="2024-10-25T10:29:16 IST" duration-ms="11512">
      <class name="org.sam.Browser">
        <test-method signature="tc1(java.lang.String)[pri:0, instance:org.sam.Browser@2b662a77]" started-at="2024-10-25T10:29:05 IST" name="tc1" finished-at="2024-10-25T10:29:16 IST" duration-ms="11468" status="PASS">
          <params>
            <param index="0">
              <value>
                <![CDATA[firefoxbrowser]]>
              </value>
            </param>
          </params>
          <reporter-output>
          </reporter-output>
        </test-method> <!-- tc1 -->
      </class> <!-- org.sam.Browser -->
    </test> <!-- FirefoxTest -->
  </suite> <!-- Suite -->
</testng-results>
